[0.101s] Invoking command in '/home/auto/detection_node_cpp/build/detection_node_cpp': CMAKE_PREFIX_PATH=${CMAKE_PREFIX_PATH}:/home/auto/ros2_ws/install/position_detection:/home/auto/ros2_ws/install/detection_node /usr/bin/cmake --build /home/auto/detection_node_cpp/build/detection_node_cpp -- -j8 -l8
[0.203s] -- Found ament_cmake: 0.9.11 (/opt/ros/foxy/share/ament_cmake/cmake)
[0.293s] -- Using PYTHON_EXECUTABLE: /usr/bin/python3
[1.097s] -- Found rclcpp: 2.4.2 (/opt/ros/foxy/share/rclcpp/cmake)
[1.209s] -- Using all available rosidl_typesupport_c: rosidl_typesupport_fastrtps_c;rosidl_typesupport_introspection_c
[1.219s] -- Found rosidl_adapter: 1.3.0 (/opt/ros/foxy/share/rosidl_adapter/cmake)
[1.627s] -- Using all available rosidl_typesupport_cpp: rosidl_typesupport_fastrtps_cpp;rosidl_typesupport_introspection_cpp
[1.791s] -- Found rmw_implementation_cmake: 1.0.4 (/opt/ros/foxy/share/rmw_implementation_cmake/cmake)
[1.797s] -- Using RMW implementation 'rmw_fastrtps_cpp' as default
[2.236s] -- Found sensor_msgs: 2.0.5 (/opt/ros/foxy/share/sensor_msgs/cmake)
[2.568s] -- Found cv_bridge: 3.0.7 (/opt/ros/foxy/share/cv_bridge/cmake)
[2.613s] -- Found pcl_conversions: 2.2.1 (/opt/ros/foxy/share/pcl_conversions/cmake)
[3.123s] -- Checking for module 'eigen3'
[3.198s] --   Found eigen3, version 3.3.7
[3.386s] -- Found Eigen: /usr/include/eigen3 (Required is at least version "3.1") 
[3.387s] -- Eigen found (include: /usr/include/eigen3, version: 3.3.7)
[3.687s] -- Checking for module 'libusb-1.0'
[3.764s] --   Found libusb-1.0, version 1.0.23
[3.967s] -- Found USB_10: /usr/lib/aarch64-linux-gnu/libusb-1.0.so  
[4.256s] -- OpenNI found (include: /usr/include/ni, lib: /usr/lib/libOpenNI.so)
[4.577s] -- OpenNI2 found (include: /usr/include/openni2, lib: /usr/lib/libOpenNI2.so)
[4.787s] -- The imported target "vtkParseOGLExt" references the file
[4.788s]    "/usr/bin/vtkParseOGLExt-7.1"
[4.788s] but this file does not exist.  Possible reasons include:
[4.788s] * The file was deleted, renamed, or moved to another location.
[4.788s] * An install or uninstall procedure did not complete successfully.
[4.789s] * The installation package was faulty and contained
[4.789s]    "/usr/lib/cmake/vtk-7.1/VTKTargets.cmake"
[4.789s] but not all the files it references.
[4.789s] 
[4.791s] -- The imported target "vtkRenderingPythonTkWidgets" references the file
[4.791s]    "/usr/lib/aarch64-linux-gnu/libvtkRenderingPythonTkWidgets.so"
[4.792s] but this file does not exist.  Possible reasons include:
[4.792s] * The file was deleted, renamed, or moved to another location.
[4.792s] * An install or uninstall procedure did not complete successfully.
[4.792s] * The installation package was faulty and contained
[4.793s]    "/usr/lib/cmake/vtk-7.1/VTKTargets.cmake"
[4.793s] but not all the files it references.
[4.793s] 
[4.794s] -- The imported target "vtk" references the file
[4.794s]    "/usr/bin/vtk"
[4.795s] but this file does not exist.  Possible reasons include:
[4.795s] * The file was deleted, renamed, or moved to another location.
[4.795s] * An install or uninstall procedure did not complete successfully.
[4.795s] * The installation package was faulty and contained
[4.796s]    "/usr/lib/cmake/vtk-7.1/VTKTargets.cmake"
[4.796s] but not all the files it references.
[4.796s] 
[4.796s] -- The imported target "pvtk" references the file
[4.797s]    "/usr/bin/pvtk"
[4.797s] but this file does not exist.  Possible reasons include:
[4.797s] * The file was deleted, renamed, or moved to another location.
[4.797s] * An install or uninstall procedure did not complete successfully.
[4.797s] * The installation package was faulty and contained
[4.798s]    "/usr/lib/cmake/vtk-7.1/VTKTargets.cmake"
[4.798s] but not all the files it references.
[4.798s] 
[4.853s] -- Found libusb-1.0: /usr/include  
[4.856s] -- Found PCL_COMMON: /usr/lib/aarch64-linux-gnu/libpcl_common.so  
[4.860s] -- Found PCL_OCTREE: /usr/lib/aarch64-linux-gnu/libpcl_octree.so  
[4.864s] -- Found PCL_IO: /usr/lib/aarch64-linux-gnu/libpcl_io.so  
[4.987s] -- Found ament_lint_auto: 0.9.8 (/opt/ros/foxy/share/ament_lint_auto/cmake)
[5.219s] -- Added test 'copyright' to check source files copyright and LICENSE
[5.268s] -- Added test 'cppcheck' to perform static code analysis on C / C++ code
[5.270s] -- Configured cppcheck include dirs: 
[5.270s] -- Configured cppcheck exclude dirs and/or files: 
[5.317s] -- Added test 'cpplint' to check C / C++ code against the Google style
[5.318s] -- Configured cpplint exclude dirs and/or files: 
[5.324s] -- Added test 'flake8' to check Python code syntax and style conventions
[5.336s] -- Added test 'lint_cmake' to check CMake code style
[5.343s] -- Added test 'pep257' to check Python code against some of the style conventions in PEP 257
[5.390s] -- Added test 'uncrustify' to check C / C++ code style
[5.391s] -- Configured uncrustify additional arguments: 
[5.398s] -- Added test 'xmllint' to check XML markup files
[5.413s] -- Configuring done
[5.567s] -- Generating done
[5.574s] -- Build files have been written to: /home/auto/detection_node_cpp/build/detection_node_cpp
[5.701s] [35m[1mScanning dependencies of target detection_node_cpp[0m
[5.793s] [ 50%] [32mBuilding CXX object CMakeFiles/detection_node_cpp.dir/src/detection_node_cpp.cpp.o[0m
[25.275s] In file included from [01m[K/home/auto/detection_node_cpp/src/detection_node_cpp.cpp:11[m[K:
[25.275s] [01m[K/opt/ros/foxy/include/image_transport/image_transport.h:41:89:[m[K [01;36m[Knote: [m[K#pragma message: Warning: This header is deprecated. Use 'image_transport.hpp' instead
[25.276s]    41 | #pragma message ("Warning: This header is deprecated. Use 'image_transport.hpp' instead"[01;36m[K)[m[K
[25.276s]       |                                                                                         [01;36m[K^[m[K
[25.609s] [01m[K/home/auto/detection_node_cpp/src/detection_node_cpp.cpp:[m[K In constructor â€˜[01m[KPixelPosition::PixelPosition()[m[Kâ€™:
[25.610s] [01m[K/home/auto/detection_node_cpp/src/detection_node_cpp.cpp:19:120:[m[K [01;31m[Kerror: [m[Kinvalid initialization of reference of type â€˜[01m[Kconst Callback&[m[Kâ€™ {aka â€˜[01m[Kconst std::function<void(const std::shared_ptr<const sensor_msgs::msg::Image_<std::allocator<void> > >&)>&[m[Kâ€™} from expression of type â€˜[01m[Kstd::_Bind_helper<false, void (PixelPosition::*)(std::shared_ptr<sensor_msgs::msg::Image_<std::allocator<void> > >), PixelPosition*, const std::_Placeholder<1>&>::type[m[Kâ€™ {aka â€˜[01m[Kstd::_Bind<void (PixelPosition::*(PixelPosition*, std::_Placeholder<1>))(std::shared_ptr<sensor_msgs::msg::Image_<std::allocator<void> > >)>[m[Kâ€™}
[25.610s]    19 | t::create_subscription(this, "/zedm/zed_node/rgb/image_rect_color", [01;31m[Kstd::bind(&PixelPosition::imageCallback, this, std::placeholders::_1)[m[K, "raw", qos);
[25.610s]       |                                                                     [01;31m[K~~~~~~~~~^~~~~~~~~~~~~~~~~~~~~~~~~~~~~~~~~~~~~~~~~~~~~~~~~~~~~~~~~~~~[m[K
[25.610s] 
[25.611s] In file included from [01m[K/opt/ros/foxy/include/image_transport/image_transport.h:43[m[K,
[25.611s]                  from [01m[K/home/auto/detection_node_cpp/src/detection_node_cpp.cpp:11[m[K:
[25.611s] [01m[K/opt/ros/foxy/include/image_transport/image_transport.hpp:71:32:[m[K [01;36m[Knote: [m[Kin passing argument 3 of â€˜[01m[Kimage_transport::Subscriber image_transport::create_subscription(rclcpp::Node*, const string&, const Callback&, const string&, rmw_qos_profile_t)[m[Kâ€™
[25.611s]    71 |   [01;36m[Kconst Subscriber::Callback & callback[m[K,
[25.612s]       |   [01;36m[K~~~~~~~~~~~~~~~~~~~~~~~~~~~~~^~~~~~~~[m[K
[35.566s] make[2]: *** [CMakeFiles/detection_node_cpp.dir/build.make:63: CMakeFiles/detection_node_cpp.dir/src/detection_node_cpp.cpp.o] Error 1
[35.567s] make[1]: *** [CMakeFiles/Makefile2:105: CMakeFiles/detection_node_cpp.dir/all] Error 2
[35.568s] make: *** [Makefile:141: all] Error 2
[35.579s] Invoked command in '/home/auto/detection_node_cpp/build/detection_node_cpp' returned '2': CMAKE_PREFIX_PATH=${CMAKE_PREFIX_PATH}:/home/auto/ros2_ws/install/position_detection:/home/auto/ros2_ws/install/detection_node /usr/bin/cmake --build /home/auto/detection_node_cpp/build/detection_node_cpp -- -j8 -l8
